<?xml version="1.0" encoding="UTF-8"?>
<testsuite xmlns:xsi="http://www.w3.org/2001/XMLSchema-instance" xsi:noNamespaceSchemaLocation="https://maven.apache.org/surefire/maven-surefire-plugin/xsd/surefire-test-report-3.0.xsd" version="3.0" name="My Leave" time="186.11" tests="14" errors="1" skipped="0" failures="0">
  <properties>
[...]
</properties>
  <testcase name="Verify that ESS can see &quot;Apply&quot;, &quot;My Leave&quot;, &quot;Entitlements&quot; and &quot;Reports&quot; submenu" classname="Apply Leave" time="7.556"/>
  <testcase name="Verify that ESS can apply leave Full Day with valid data" classname="Apply Leave" time="18.36"/>
  <testcase name="Verify that ESS can apply leave Haft Day with valid data" classname="Apply Leave" time="18.626"/>
  <testcase name="Verify that ESS can apply leave specify time with valid data" classname="Apply Leave" time="15.561"/>
  <testcase name="Verify that ESS user can not apply leave with invalid data" classname="Apply Leave" time="13.757"/>
  <testcase name="Verify that ESS user can not apply leave with invalid data" classname="Apply Leave" time="13.696"/>
  <testcase name="Verify that ESS user can not apply leave with invalid data" classname="Apply Leave" time="13.621"/>
  <testcase name="Verify that ESS user can not apply leave with invalid data" classname="Apply Leave" time="13.415"/>
  <testcase name="Verify that ESS user can not apply leave with invalid data" classname="Apply Leave" time="14.059"/>
  <testcase name="Verify that ESS user can not apply leave with invalid data" classname="Apply Leave" time="14.718"/>
  <testcase name="Verify that ESS user can not apply leave with invalid data" classname="Apply Leave" time="14.111"/>
  <testcase name="Verify that My Leave page will be displayed when ESS user click on My Leave on menu" classname="My Leave" time="7.145"/>
  <testcase name="Verify that Date and  Status can be clickable" classname="My Leave" time="10.169"/>
  <testcase name="Verify that PIM record will be displayed when ESS click on &quot;Employee Name&quot;" classname="My Leave" time="11.092">
    <error message="no such element: Unable to locate element: {&quot;method&quot;:&quot;xpath&quot;,&quot;selector&quot;:&quot;//td[1]/tr[1]/*[1]&quot;}&#10;  (Session info: chrome=83.0.4103.97)&#10;  (Driver info: chromedriver=2.37.544337 (8c0344a12e552148c185f7d5117db1f28d6c9e85),platform=Mac OS X 10.15.5 x86_64) (WARNING: The server did not provide any stacktrace information)&#10;Command duration or timeout: 0 milliseconds&#10;For documentation on this error, please visit: https://www.seleniumhq.org/exceptions/no_such_element.html&#10;Build info: version: &apos;3.141.59&apos;, revision: &apos;e82be7d358&apos;, time: &apos;2018-11-14T08:17:03&apos;&#10;System info: host: &apos;Phams-MBP&apos;, ip: &apos;fe80:0:0:0:5f:980e:395a:cb7a%en0&apos;, os.name: &apos;Mac OS X&apos;, os.arch: &apos;x86_64&apos;, os.version: &apos;10.15.5&apos;, java.version: &apos;11.0.5&apos;&#10;Driver info: org.openqa.selenium.chrome.ChromeDriver&#10;Capabilities {acceptInsecureCerts: false, acceptSslCerts: false, applicationCacheEnabled: false, browserConnectionEnabled: false, browserName: chrome, chrome: {chromedriverVersion: 2.37.544337 (8c0344a12e5521..., userDataDir: /var/folders/x9/xr_2yfpn18z...}, cssSelectorsEnabled: true, databaseEnabled: false, handlesAlerts: true, hasTouchScreen: false, javascriptEnabled: true, locationContextEnabled: true, mobileEmulationEnabled: false, nativeEvents: true, networkConnectionEnabled: false, pageLoadStrategy: normal, platform: MAC, platformName: MAC, rotatable: false, setWindowRect: true, takesHeapSnapshot: true, takesScreenshot: true, unexpectedAlertBehaviour: , unhandledPromptBehavior: , version: 83.0.4103.97, webStorageEnabled: true}&#10;Session ID: 7f155629daefcc8e75ee238a33d8e43c&#10;*** Element info: {Using=xpath, value=//td[1]/tr[1]/*[1]}" type="org.openqa.selenium.NoSuchElementException">org.openqa.selenium.NoSuchElementException: 
no such element: Unable to locate element: {"method":"xpath","selector":"//td[1]/tr[1]/*[1]"}
  (Session info: chrome=83.0.4103.97)
  (Driver info: chromedriver=2.37.544337 (8c0344a12e552148c185f7d5117db1f28d6c9e85),platform=Mac OS X 10.15.5 x86_64) (WARNING: The server did not provide any stacktrace information)
Command duration or timeout: 0 milliseconds
For documentation on this error, please visit: https://www.seleniumhq.org/exceptions/no_such_element.html
Build info: version: '3.141.59', revision: 'e82be7d358', time: '2018-11-14T08:17:03'
System info: host: 'Phams-MBP', ip: 'fe80:0:0:0:5f:980e:395a:cb7a%en0', os.name: 'Mac OS X', os.arch: 'x86_64', os.version: '10.15.5', java.version: '11.0.5'
Driver info: org.openqa.selenium.chrome.ChromeDriver
Capabilities {acceptInsecureCerts: false, acceptSslCerts: false, applicationCacheEnabled: false, browserConnectionEnabled: false, browserName: chrome, chrome: {chromedriverVersion: 2.37.544337 (8c0344a12e5521..., userDataDir: /var/folders/x9/xr_2yfpn18z...}, cssSelectorsEnabled: true, databaseEnabled: false, handlesAlerts: true, hasTouchScreen: false, javascriptEnabled: true, locationContextEnabled: true, mobileEmulationEnabled: false, nativeEvents: true, networkConnectionEnabled: false, pageLoadStrategy: normal, platform: MAC, platformName: MAC, rotatable: false, setWindowRect: true, takesHeapSnapshot: true, takesScreenshot: true, unexpectedAlertBehaviour: , unhandledPromptBehavior: , version: 83.0.4103.97, webStorageEnabled: true}
Session ID: 7f155629daefcc8e75ee238a33d8e43c
*** Element info: {Using=xpath, value=//td[1]/tr[1]/*[1]}
</error>
    <system-out><![CDATA[
  @leave
  Scenario: Verify that PIM record will be displayed when ESS click on "Employee Name" &amp#27;[90m# src/test/resources/features/MyLeave.feature:22&amp#27;[0m
    &amp#27;[32mGiven &amp#27;[0m&amp#27;[32mI open &amp#27;[0m&amp#27;[32m&amp#27;[1m"https://opensource-demo.orangehrmlive.com/index.php/auth/login"&amp#27;[0m&amp#27;[32m page&amp#27;[0m &amp#27;[90m# EssLogin.iOpenPage(String)&amp#27;[0m
    &amp#27;[32mWhen &amp#27;[0m&amp#27;[32mI type username &amp#27;[0m&amp#27;[32m&amp#27;[1m"fiona"&amp#27;[0m                                                       &amp#27;[90m# EssLogin.iTypeUsername(String)&amp#27;[0m
    &amp#27;[32mAnd &amp#27;[0m&amp#27;[32mI type pass &amp#27;[0m&amp#27;[32m&amp#27;[1m"12345678"&amp#27;[0m                                                         &amp#27;[90m# EssLogin.iTypePass(String)&amp#27;[0m
    &amp#27;[32mAnd &amp#27;[0m&amp#27;[32mI click on &amp#27;[0m&amp#27;[32m&amp#27;[1m"LOGIN"&amp#27;[0m&amp#27;[32m button&amp#27;[0m                                                      &amp#27;[90m# EssLogin.iClickOnButton(String)&amp#27;[0m
    &amp#27;[32mThen &amp#27;[0m&amp#27;[32mI wait some seconds&amp#27;[0m                                                           &amp#27;[90m# EssLogin.iWaitMinutes()&amp#27;[0m
    &amp#27;[32mWhen &amp#27;[0m&amp#27;[32mI focus mouse on &amp#27;[0m&amp#27;[32m&amp#27;[1m"Leave"&amp#27;[0m                                                      &amp#27;[90m# AddEmployee.iFocusMouseOn(String)&amp#27;[0m
    &amp#27;[32mAnd &amp#27;[0m&amp#27;[32mI click on &amp#27;[0m&amp#27;[32m&amp#27;[1m"My Leave"&amp#27;[0m&amp#27;[32m on SubMenu&amp#27;[0m                                               &amp#27;[90m# AddEmployee.iClickOnOnSubMenu(String)&amp#27;[0m
    &amp#27;[32mThen &amp#27;[0m&amp#27;[32mI wait some seconds&amp#27;[0m                                                           &amp#27;[90m# EssLogin.iWaitMinutes()&amp#27;[0m
    &amp#27;[31mWhen &amp#27;[0m&amp#27;[31mI click on &amp#27;[0m&amp#27;[31m&amp#27;[1m"Employee Name"&amp#27;[0m                                                    &amp#27;[90m# MyLeave.iClickOn(String)&amp#27;[0m
      &amp#27;[31morg.openqa.selenium.NoSuchElementException: no such element: Unable to locate element: {"method":"xpath","selector":"//td[1]/tr[1]/*[1]"}
  (Session info: chrome=83.0.4103.97)
  (Driver info: chromedriver=2.37.544337 (8c0344a12e552148c185f7d5117db1f28d6c9e85),platform=Mac OS X 10.15.5 x86_64) (WARNING: The server did not provide any stacktrace information)
Command duration or timeout: 0 milliseconds
For documentation on this error, please visit: https://www.seleniumhq.org/exceptions/no_such_element.html
Build info: version: '3.141.59', revision: 'e82be7d358', time: '2018-11-14T08:17:03'
System info: host: 'Phams-MBP', ip: 'fe80:0:0:0:5f:980e:395a:cb7a%en0', os.name: 'Mac OS X', os.arch: 'x86_64', os.version: '10.15.5', java.version: '11.0.5'
Driver info: org.openqa.selenium.chrome.ChromeDriver
Capabilities {acceptInsecureCerts: false, acceptSslCerts: false, applicationCacheEnabled: false, browserConnectionEnabled: false, browserName: chrome, chrome: {chromedriverVersion: 2.37.544337 (8c0344a12e5521..., userDataDir: /var/folders/x9/xr_2yfpn18z...}, cssSelectorsEnabled: true, databaseEnabled: false, handlesAlerts: true, hasTouchScreen: false, javascriptEnabled: true, locationContextEnabled: true, mobileEmulationEnabled: false, nativeEvents: true, networkConnectionEnabled: false, pageLoadStrategy: normal, platform: MAC, platformName: MAC, rotatable: false, setWindowRect: true, takesHeapSnapshot: true, takesScreenshot: true, unexpectedAlertBehaviour: , unhandledPromptBehavior: , version: 83.0.4103.97, webStorageEnabled: true}
Session ID: 7f155629daefcc8e75ee238a33d8e43c
*** Element info: {Using=xpath, value=//td[1]/tr[1]/*[1]}
	at java.base/jdk.internal.reflect.NativeConstructorAccessorImpl.newInstance0(Native Method)
	at java.base/jdk.internal.reflect.NativeConstructorAccessorImpl.newInstance(NativeConstructorAccessorImpl.java:62)
	at java.base/jdk.internal.reflect.DelegatingConstructorAccessorImpl.newInstance(DelegatingConstructorAccessorImpl.java:45)
	at java.base/java.lang.reflect.Constructor.newInstance(Constructor.java:490)
	at org.openqa.selenium.remote.ErrorHandler.createThrowable(ErrorHandler.java:214)
	at org.openqa.selenium.remote.ErrorHandler.throwIfResponseFailed(ErrorHandler.java:166)
	at org.openqa.selenium.remote.http.JsonHttpResponseCodec.reconstructValue(JsonHttpResponseCodec.java:40)
	at org.openqa.selenium.remote.http.AbstractHttpResponseCodec.decode(AbstractHttpResponseCodec.java:80)
	at org.openqa.selenium.remote.http.AbstractHttpResponseCodec.decode(AbstractHttpResponseCodec.java:44)
	at org.openqa.selenium.remote.HttpCommandExecutor.execute(HttpCommandExecutor.java:158)
	at org.openqa.selenium.remote.service.DriverCommandExecutor.execute(DriverCommandExecutor.java:83)
	at org.openqa.selenium.remote.RemoteWebDriver.execute(RemoteWebDriver.java:552)
	at org.openqa.selenium.remote.RemoteWebDriver.findElement(RemoteWebDriver.java:323)
	at org.openqa.selenium.remote.RemoteWebDriver.findElementByXPath(RemoteWebDriver.java:428)
	at org.openqa.selenium.By$ByXPath.findElement(By.java:353)
	at org.openqa.selenium.remote.RemoteWebDriver.findElement(RemoteWebDriver.java:315)
	at definitions.MyLeave.iClickOn(MyLeave.java:41)
	at ✽.I click on "Employee Name"(file:src/test/resources/features/MyLeave.feature:31)
&amp#27;[0m
    &amp#27;[36mThen &amp#27;[0m&amp#27;[36m&amp#27;[0m&amp#27;[36m&amp#27;[1m"Personal Details"&amp#27;[0m&amp#27;[36m page will be displayed&amp#27;[0m                                     &amp#27;[90m# EssLogin.pageWillBeDisplayed(String)&amp#27;[0m
]]></system-out>
    <system-err><![CDATA[Starting ChromeDriver 2.37.544337 (8c0344a12e552148c185f7d5117db1f28d6c9e85) on port 11617
Only local connections are allowed.
Jun 09, 2020 4:08:13 PM org.openqa.selenium.remote.ProtocolHandshake createSession
INFO: Detected dialect: OSS
]]></system-err>
  </testcase>
</testsuite>